<?xml version="1.0" encoding="UTF-8"?>
<testng-results ignored="0" total="1" passed="1" failed="0" skipped="0">
  <reporter-output>
  </reporter-output>
  <suite started-at="2022-08-13T22:37:19 WAT" name="Default suite" finished-at="2022-08-13T22:38:16 WAT" duration-ms="57162">
    <groups>
    </groups>
    <test started-at="2022-08-13T22:37:19 WAT" name="Default test" finished-at="2022-08-13T22:38:16 WAT" duration-ms="57162">
      <class name="guru99bank.MyBank">
        <test-method signature="logintest()[pri:0, instance:guru99bank.MyBank@4facf68f]" started-at="2022-08-13T22:37:19 WAT" name="logintest" finished-at="2022-08-13T22:38:16 WAT" duration-ms="57109" status="PASS">
          <reporter-output>
          </reporter-output>
        </test-method> <!-- logintest -->
      </class> <!-- guru99bank.MyBank -->
    </test> <!-- Default test -->
  </suite> <!-- Default suite -->
</testng-results>
